[2018-08-20 10:27:46.734] [sharedprocess] [info] main {"machineId":"87c8119e4744eccb830d6d3ad6ccc4ad30ce674cd3e6987d768b0af77c91d7d6"}
[2018-08-20 10:27:46.745] [sharedprocess] [info] Scanned user extensions: 0
[2018-08-20 10:27:46.756] [sharedprocess] [info] Scanned user extensions: 0
[2018-08-20 10:27:46.757] [sharedprocess] [info] Scanned user extensions: 0
[2018-08-20 10:27:46.761] [sharedprocess] [info] Scanned user extensions: 0
[2018-08-20 10:27:46.805] [sharedprocess] [info] Scanned system extensions: 70
[2018-08-20 10:27:46.807] [sharedprocess] [info] Scanned system extensions: 70
[2018-08-20 10:27:46.808] [sharedprocess] [info] Scanned system extensions: 70
[2018-08-20 10:27:48.771] [sharedprocess] [info] Scanned user extensions: 0
[2018-08-20 10:28:26.738] [sharedprocess] [info] Starting to clean up unused language packs.
[2018-08-20 10:32:48.775] [sharedprocess] [info] Scanned user extensions: 0
[2018-08-20 10:37:48.778] [sharedprocess] [info] Scanned user extensions: 0
[2018-08-20 10:42:48.783] [sharedprocess] [info] Scanned user extensions: 0
[2018-08-20 10:47:48.787] [sharedprocess] [info] Scanned user extensions: 0
[2018-08-20 10:52:48.791] [sharedprocess] [info] Scanned user extensions: 0
[2018-08-20 10:57:48.794] [sharedprocess] [info] Scanned user extensions: 0
[2018-08-20 11:02:48.799] [sharedprocess] [info] Scanned user extensions: 0
[2018-08-20 11:07:48.802] [sharedprocess] [info] Scanned user extensions: 0
[2018-08-20 11:12:48.806] [sharedprocess] [info] Scanned user extensions: 0
[2018-08-20 11:17:48.810] [sharedprocess] [info] Scanned user extensions: 0
[2018-08-20 11:22:48.814] [sharedprocess] [info] Scanned user extensions: 0
[2018-08-20 11:27:49.511] [sharedprocess] [info] Scanned user extensions: 0
[2018-08-20 11:32:49.515] [sharedprocess] [info] Scanned user extensions: 0
[2018-08-20 11:37:49.521] [sharedprocess] [info] Scanned user extensions: 0
[2018-08-20 11:42:49.527] [sharedprocess] [info] Scanned user extensions: 0
[2018-08-20 11:47:49.533] [sharedprocess] [info] Scanned user extensions: 0
[2018-08-20 11:52:49.546] [sharedprocess] [info] Scanned user extensions: 0
[2018-08-20 11:57:49.549] [sharedprocess] [info] Scanned user extensions: 0
[2018-08-20 12:02:49.553] [sharedprocess] [info] Scanned user extensions: 0
[2018-08-20 12:07:49.559] [sharedprocess] [info] Scanned user extensions: 0
[2018-08-20 12:12:49.562] [sharedprocess] [info] Scanned user extensions: 0
[2018-08-20 12:17:49.573] [sharedprocess] [info] Scanned user extensions: 0
[2018-08-20 12:22:49.580] [sharedprocess] [info] Scanned user extensions: 0
[2018-08-20 12:27:50.279] [sharedprocess] [info] Scanned user extensions: 0
[2018-08-20 12:32:50.283] [sharedprocess] [info] Scanned user extensions: 0
[2018-08-20 12:37:50.286] [sharedprocess] [info] Scanned user extensions: 0
[2018-08-20 12:42:50.300] [sharedprocess] [info] Scanned user extensions: 0
[2018-08-20 12:47:50.305] [sharedprocess] [info] Scanned user extensions: 0
[2018-08-20 12:52:50.309] [sharedprocess] [info] Scanned user extensions: 0
[2018-08-20 12:57:50.316] [sharedprocess] [info] Scanned user extensions: 0
[2018-08-20 13:02:50.321] [sharedprocess] [info] Scanned user extensions: 0
[2018-08-20 13:07:50.325] [sharedprocess] [info] Scanned user extensions: 0
[2018-08-20 13:12:50.328] [sharedprocess] [info] Scanned user extensions: 0
[2018-08-20 13:17:50.330] [sharedprocess] [info] Scanned user extensions: 0
[2018-08-20 13:22:50.333] [sharedprocess] [info] Scanned user extensions: 0
[2018-08-20 13:27:51.018] [sharedprocess] [info] Scanned user extensions: 0
[2018-08-20 13:32:51.022] [sharedprocess] [info] Scanned user extensions: 0
[2018-08-20 13:37:51.025] [sharedprocess] [info] Scanned user extensions: 0
[2018-08-20 13:42:51.028] [sharedprocess] [info] Scanned user extensions: 0
[2018-08-20 13:47:51.033] [sharedprocess] [info] Scanned user extensions: 0
[2018-08-20 13:52:51.035] [sharedprocess] [info] Scanned user extensions: 0
[2018-08-20 13:57:51.040] [sharedprocess] [info] Scanned user extensions: 0
[2018-08-20 14:02:51.045] [sharedprocess] [info] Scanned user extensions: 0
[2018-08-20 14:07:51.048] [sharedprocess] [info] Scanned user extensions: 0
[2018-08-20 14:12:51.059] [sharedprocess] [info] Scanned user extensions: 0
[2018-08-20 14:17:51.063] [sharedprocess] [info] Scanned user extensions: 0
[2018-08-20 14:22:51.068] [sharedprocess] [info] Scanned user extensions: 0
[2018-08-20 14:27:51.770] [sharedprocess] [info] Scanned user extensions: 0
[2018-08-20 14:32:51.779] [sharedprocess] [info] Scanned user extensions: 0
[2018-08-20 14:37:51.787] [sharedprocess] [info] Scanned user extensions: 0
[2018-08-20 14:42:51.792] [sharedprocess] [info] Scanned user extensions: 0
[2018-08-20 14:47:51.795] [sharedprocess] [info] Scanned user extensions: 0
[2018-08-20 14:52:51.799] [sharedprocess] [info] Scanned user extensions: 0
[2018-08-20 14:57:51.802] [sharedprocess] [info] Scanned user extensions: 0
[2018-08-20 15:02:51.805] [sharedprocess] [info] Scanned user extensions: 0
[2018-08-20 15:07:51.808] [sharedprocess] [info] Scanned user extensions: 0
[2018-08-20 15:12:51.811] [sharedprocess] [info] Scanned user extensions: 0
[2018-08-20 15:17:51.814] [sharedprocess] [info] Scanned user extensions: 0
[2018-08-20 15:22:51.817] [sharedprocess] [info] Scanned user extensions: 0
[2018-08-20 15:27:51.826] [sharedprocess] [info] Scanned user extensions: 0
[2018-08-20 15:32:52.531] [sharedprocess] [info] Scanned user extensions: 0
[2018-08-20 15:37:52.534] [sharedprocess] [info] Scanned user extensions: 0
[2018-08-20 15:42:52.538] [sharedprocess] [info] Scanned user extensions: 0
[2018-08-20 15:47:52.542] [sharedprocess] [info] Scanned user extensions: 0
[2018-08-20 15:52:52.545] [sharedprocess] [info] Scanned user extensions: 0
[2018-08-20 15:57:52.555] [sharedprocess] [info] Scanned user extensions: 0
[2018-08-20 16:02:52.559] [sharedprocess] [info] Scanned user extensions: 0
[2018-08-20 16:07:52.562] [sharedprocess] [info] Scanned user extensions: 0
[2018-08-20 16:12:52.566] [sharedprocess] [info] Scanned user extensions: 0
[2018-08-20 16:17:52.569] [sharedprocess] [info] Scanned user extensions: 0
[2018-08-20 16:22:52.571] [sharedprocess] [info] Scanned user extensions: 0
[2018-08-20 16:27:52.579] [sharedprocess] [info] Scanned user extensions: 0
[2018-08-20 16:32:53.277] [sharedprocess] [info] Scanned user extensions: 0
[2018-08-20 16:37:53.279] [sharedprocess] [info] Scanned user extensions: 0
[2018-08-20 16:42:53.282] [sharedprocess] [info] Scanned user extensions: 0
[2018-08-20 16:47:53.288] [sharedprocess] [info] Scanned user extensions: 0
[2018-08-20 16:52:53.291] [sharedprocess] [info] Scanned user extensions: 0
[2018-08-20 16:57:53.297] [sharedprocess] [info] Scanned user extensions: 0
[2018-08-20 17:02:53.307] [sharedprocess] [info] Scanned user extensions: 0
[2018-08-20 17:07:53.311] [sharedprocess] [info] Scanned user extensions: 0
[2018-08-20 17:12:53.320] [sharedprocess] [info] Scanned user extensions: 0
[2018-08-20 17:17:53.330] [sharedprocess] [info] Scanned user extensions: 0
[2018-08-20 17:22:53.337] [sharedprocess] [info] Scanned user extensions: 0
[2018-08-20 17:27:53.345] [sharedprocess] [info] Scanned user extensions: 0
[2018-08-20 17:32:54.045] [sharedprocess] [info] Scanned user extensions: 0
[2018-08-20 17:37:54.053] [sharedprocess] [info] Scanned user extensions: 0
[2018-08-20 17:42:54.059] [sharedprocess] [info] Scanned user extensions: 0
[2018-08-20 17:47:54.062] [sharedprocess] [info] Scanned user extensions: 0
[2018-08-20 17:52:54.065] [sharedprocess] [info] Scanned user extensions: 0
[2018-08-20 17:57:54.072] [sharedprocess] [info] Scanned user extensions: 0
[2018-08-20 18:02:54.078] [sharedprocess] [info] Scanned user extensions: 0
[2018-08-20 18:07:54.084] [sharedprocess] [info] Scanned user extensions: 0
[2018-08-20 18:12:54.088] [sharedprocess] [info] Scanned user extensions: 0
[2018-08-20 18:17:54.097] [sharedprocess] [info] Scanned user extensions: 0
[2018-08-20 18:22:54.106] [sharedprocess] [info] Scanned user extensions: 0
[2018-08-20 18:27:54.110] [sharedprocess] [info] Scanned user extensions: 0
[2018-08-20 18:32:54.332] [sharedprocess] [info] Scanned user extensions: 0
[2018-08-20 18:37:54.546] [sharedprocess] [info] Scanned user extensions: 0
[2018-08-20 18:42:54.767] [sharedprocess] [info] Scanned user extensions: 0
[2018-08-20 18:47:54.980] [sharedprocess] [info] Scanned user extensions: 0
[2018-08-20 18:52:55.191] [sharedprocess] [info] Scanned user extensions: 0
[2018-08-20 18:57:55.387] [sharedprocess] [info] Scanned user extensions: 0
[2018-08-20 19:02:55.601] [sharedprocess] [info] Scanned user extensions: 0
[2018-08-20 19:07:55.814] [sharedprocess] [info] Scanned user extensions: 0
[2018-08-20 19:12:56.027] [sharedprocess] [info] Scanned user extensions: 0
[2018-08-20 19:17:56.223] [sharedprocess] [info] Scanned user extensions: 0
[2018-08-20 19:22:56.436] [sharedprocess] [info] Scanned user extensions: 0
[2018-08-20 19:27:56.635] [sharedprocess] [info] Scanned user extensions: 0
[2018-08-20 19:32:56.857] [sharedprocess] [info] Scanned user extensions: 0
[2018-08-20 19:37:57.067] [sharedprocess] [info] Scanned user extensions: 0
[2018-08-20 19:42:57.283] [sharedprocess] [info] Scanned user extensions: 0
[2018-08-20 19:47:57.500] [sharedprocess] [info] Scanned user extensions: 0
[2018-08-20 19:52:57.715] [sharedprocess] [info] Scanned user extensions: 0
[2018-08-20 19:57:57.927] [sharedprocess] [info] Scanned user extensions: 0
[2018-08-20 20:02:58.128] [sharedprocess] [info] Scanned user extensions: 0
[2018-08-20 20:07:58.336] [sharedprocess] [info] Scanned user extensions: 0
[2018-08-20 20:12:58.534] [sharedprocess] [info] Scanned user extensions: 0
[2018-08-20 20:17:58.736] [sharedprocess] [info] Scanned user extensions: 0
[2018-08-20 20:22:58.937] [sharedprocess] [info] Scanned user extensions: 0
[2018-08-20 20:27:59.152] [sharedprocess] [info] Scanned user extensions: 0
[2018-08-20 20:32:59.355] [sharedprocess] [info] Scanned user extensions: 0
[2018-08-20 20:37:59.701] [sharedprocess] [info] Scanned user extensions: 0
[2018-08-20 20:42:59.916] [sharedprocess] [info] Scanned user extensions: 0
[2018-08-20 20:48:00.116] [sharedprocess] [info] Scanned user extensions: 0
[2018-08-20 20:53:00.329] [sharedprocess] [info] Scanned user extensions: 0
[2018-08-20 20:58:00.529] [sharedprocess] [info] Scanned user extensions: 0
[2018-08-20 21:03:00.753] [sharedprocess] [info] Scanned user extensions: 0
[2018-08-20 21:08:00.960] [sharedprocess] [info] Scanned user extensions: 0
[2018-08-20 21:13:01.171] [sharedprocess] [info] Scanned user extensions: 0
[2018-08-20 21:18:01.396] [sharedprocess] [info] Scanned user extensions: 0
[2018-08-20 21:23:01.619] [sharedprocess] [info] Scanned user extensions: 0
[2018-08-20 21:28:01.840] [sharedprocess] [info] Scanned user extensions: 0
[2018-08-20 21:33:02.053] [sharedprocess] [info] Scanned user extensions: 0
[2018-08-20 21:38:02.260] [sharedprocess] [info] Scanned user extensions: 0
[2018-08-20 21:43:02.467] [sharedprocess] [info] Scanned user extensions: 0
[2018-08-20 21:48:02.670] [sharedprocess] [info] Scanned user extensions: 0
[2018-08-20 21:53:02.868] [sharedprocess] [info] Scanned user extensions: 0
[2018-08-20 21:58:03.069] [sharedprocess] [info] Scanned user extensions: 0
[2018-08-20 22:03:03.283] [sharedprocess] [info] Scanned user extensions: 0
[2018-08-20 22:08:03.496] [sharedprocess] [info] Scanned user extensions: 0
[2018-08-20 22:13:03.711] [sharedprocess] [info] Scanned user extensions: 0
[2018-08-20 22:18:03.918] [sharedprocess] [info] Scanned user extensions: 0
[2018-08-20 22:23:04.118] [sharedprocess] [info] Scanned user extensions: 0
[2018-08-20 22:28:04.333] [sharedprocess] [info] Scanned user extensions: 0
[2018-08-20 22:33:04.543] [sharedprocess] [info] Scanned user extensions: 0
[2018-08-20 22:38:04.755] [sharedprocess] [info] Scanned user extensions: 0
[2018-08-20 22:43:04.954] [sharedprocess] [info] Scanned user extensions: 0
[2018-08-20 22:48:05.162] [sharedprocess] [info] Scanned user extensions: 0
[2018-08-20 22:53:05.373] [sharedprocess] [info] Scanned user extensions: 0
[2018-08-20 22:58:05.575] [sharedprocess] [info] Scanned user extensions: 0
[2018-08-20 23:03:05.777] [sharedprocess] [info] Scanned user extensions: 0
[2018-08-20 23:08:05.991] [sharedprocess] [info] Scanned user extensions: 0
[2018-08-20 23:13:06.202] [sharedprocess] [info] Scanned user extensions: 0
[2018-08-20 23:18:06.403] [sharedprocess] [info] Scanned user extensions: 0
[2018-08-20 23:23:06.614] [sharedprocess] [info] Scanned user extensions: 0
[2018-08-20 23:28:06.828] [sharedprocess] [info] Scanned user extensions: 0
[2018-08-20 23:33:07.181] [sharedprocess] [info] Scanned user extensions: 0
[2018-08-20 23:38:07.392] [sharedprocess] [info] Scanned user extensions: 0
[2018-08-20 23:43:07.597] [sharedprocess] [info] Scanned user extensions: 0
[2018-08-20 23:48:07.815] [sharedprocess] [info] Scanned user extensions: 0
[2018-08-20 23:53:08.011] [sharedprocess] [info] Scanned user extensions: 0
[2018-08-20 23:58:08.226] [sharedprocess] [info] Scanned user extensions: 0
[2018-08-21 00:03:08.427] [sharedprocess] [info] Scanned user extensions: 0
[2018-08-21 00:08:08.639] [sharedprocess] [info] Scanned user extensions: 0
[2018-08-21 00:13:08.853] [sharedprocess] [info] Scanned user extensions: 0
[2018-08-21 00:18:09.065] [sharedprocess] [info] Scanned user extensions: 0
[2018-08-21 00:23:09.278] [sharedprocess] [info] Scanned user extensions: 0
[2018-08-21 00:28:09.476] [sharedprocess] [info] Scanned user extensions: 0
[2018-08-21 00:33:09.693] [sharedprocess] [info] Scanned user extensions: 0
[2018-08-21 00:38:09.897] [sharedprocess] [info] Scanned user extensions: 0
[2018-08-21 00:43:10.116] [sharedprocess] [info] Scanned user extensions: 0
[2018-08-21 00:48:10.332] [sharedprocess] [info] Scanned user extensions: 0
[2018-08-21 00:53:10.543] [sharedprocess] [info] Scanned user extensions: 0
[2018-08-21 00:58:10.747] [sharedprocess] [info] Scanned user extensions: 0
[2018-08-21 01:03:10.961] [sharedprocess] [info] Scanned user extensions: 0
[2018-08-21 01:08:11.171] [sharedprocess] [info] Scanned user extensions: 0
[2018-08-21 01:13:11.375] [sharedprocess] [info] Scanned user extensions: 0
[2018-08-21 01:18:11.588] [sharedprocess] [info] Scanned user extensions: 0
[2018-08-21 01:23:11.795] [sharedprocess] [info] Scanned user extensions: 0
[2018-08-21 01:28:12.017] [sharedprocess] [info] Scanned user extensions: 0
[2018-08-21 01:33:12.230] [sharedprocess] [info] Scanned user extensions: 0
[2018-08-21 01:38:12.590] [sharedprocess] [info] Scanned user extensions: 0
[2018-08-21 01:43:12.801] [sharedprocess] [info] Scanned user extensions: 0
[2018-08-21 01:48:13.015] [sharedprocess] [info] Scanned user extensions: 0
[2018-08-21 01:53:13.228] [sharedprocess] [info] Scanned user extensions: 0
[2018-08-21 01:58:13.427] [sharedprocess] [info] Scanned user extensions: 0
[2018-08-21 02:03:13.647] [sharedprocess] [info] Scanned user extensions: 0
[2018-08-21 02:08:13.867] [sharedprocess] [info] Scanned user extensions: 0
[2018-08-21 02:13:14.077] [sharedprocess] [info] Scanned user extensions: 0
[2018-08-21 02:18:14.286] [sharedprocess] [info] Scanned user extensions: 0
[2018-08-21 02:23:14.485] [sharedprocess] [info] Scanned user extensions: 0
[2018-08-21 02:28:14.932] [sharedprocess] [info] Scanned user extensions: 0
[2018-08-21 02:33:15.133] [sharedprocess] [info] Scanned user extensions: 0
[2018-08-21 02:38:15.485] [sharedprocess] [info] Scanned user extensions: 0
[2018-08-21 02:43:15.700] [sharedprocess] [info] Scanned user extensions: 0
[2018-08-21 02:48:15.915] [sharedprocess] [info] Scanned user extensions: 0
[2018-08-21 02:53:16.130] [sharedprocess] [info] Scanned user extensions: 0
[2018-08-21 02:58:16.348] [sharedprocess] [info] Scanned user extensions: 0
[2018-08-21 03:03:16.562] [sharedprocess] [info] Scanned user extensions: 0
[2018-08-21 03:08:16.773] [sharedprocess] [info] Scanned user extensions: 0
[2018-08-21 03:13:16.983] [sharedprocess] [info] Scanned user extensions: 0
[2018-08-21 03:18:17.200] [sharedprocess] [info] Scanned user extensions: 0
[2018-08-21 03:23:17.405] [sharedprocess] [info] Scanned user extensions: 0
[2018-08-21 03:28:17.614] [sharedprocess] [info] Scanned user extensions: 0
[2018-08-21 03:33:17.815] [sharedprocess] [info] Scanned user extensions: 0
[2018-08-21 03:38:18.179] [sharedprocess] [info] Scanned user extensions: 0
[2018-08-21 03:43:18.391] [sharedprocess] [info] Scanned user extensions: 0
[2018-08-21 03:48:18.611] [sharedprocess] [info] Scanned user extensions: 0
[2018-08-21 03:53:18.822] [sharedprocess] [info] Scanned user extensions: 0
[2018-08-21 03:58:19.033] [sharedprocess] [info] Scanned user extensions: 0
[2018-08-21 04:03:19.250] [sharedprocess] [info] Scanned user extensions: 0
[2018-08-21 04:08:19.461] [sharedprocess] [info] Scanned user extensions: 0
[2018-08-21 04:13:19.674] [sharedprocess] [info] Scanned user extensions: 0
[2018-08-21 04:18:19.873] [sharedprocess] [info] Scanned user extensions: 0
[2018-08-21 04:23:20.076] [sharedprocess] [info] Scanned user extensions: 0
[2018-08-21 04:28:20.281] [sharedprocess] [info] Scanned user extensions: 0
[2018-08-21 04:33:20.483] [sharedprocess] [info] Scanned user extensions: 0
[2018-08-21 04:38:20.835] [sharedprocess] [info] Scanned user extensions: 0
[2018-08-21 04:43:21.050] [sharedprocess] [info] Scanned user extensions: 0
[2018-08-21 04:48:21.264] [sharedprocess] [info] Scanned user extensions: 0
[2018-08-21 04:53:21.480] [sharedprocess] [info] Scanned user extensions: 0
[2018-08-21 04:58:21.679] [sharedprocess] [info] Scanned user extensions: 0
[2018-08-21 05:03:21.894] [sharedprocess] [info] Scanned user extensions: 0
[2018-08-21 05:08:22.112] [sharedprocess] [info] Scanned user extensions: 0
[2018-08-21 05:13:22.322] [sharedprocess] [info] Scanned user extensions: 0
[2018-08-21 05:18:22.543] [sharedprocess] [info] Scanned user extensions: 0
[2018-08-21 05:23:22.755] [sharedprocess] [info] Scanned user extensions: 0
[2018-08-21 05:28:22.962] [sharedprocess] [info] Scanned user extensions: 0
[2018-08-21 05:33:23.174] [sharedprocess] [info] Scanned user extensions: 0
[2018-08-21 05:38:23.523] [sharedprocess] [info] Scanned user extensions: 0
[2018-08-21 05:43:23.733] [sharedprocess] [info] Scanned user extensions: 0
[2018-08-21 05:48:23.952] [sharedprocess] [info] Scanned user extensions: 0
[2018-08-21 05:53:24.166] [sharedprocess] [info] Scanned user extensions: 0
[2018-08-21 05:58:24.378] [sharedprocess] [info] Scanned user extensions: 0
[2018-08-21 06:03:24.590] [sharedprocess] [info] Scanned user extensions: 0
[2018-08-21 06:08:24.800] [sharedprocess] [info] Scanned user extensions: 0
[2018-08-21 06:13:25.016] [sharedprocess] [info] Scanned user extensions: 0
[2018-08-21 06:18:25.228] [sharedprocess] [info] Scanned user extensions: 0
[2018-08-21 06:23:25.431] [sharedprocess] [info] Scanned user extensions: 0
[2018-08-21 06:28:25.644] [sharedprocess] [info] Scanned user extensions: 0
[2018-08-21 06:33:25.858] [sharedprocess] [info] Scanned user extensions: 0
[2018-08-21 06:38:26.066] [sharedprocess] [info] Scanned user extensions: 0
[2018-08-21 06:43:26.276] [sharedprocess] [info] Scanned user extensions: 0
[2018-08-21 06:48:26.479] [sharedprocess] [info] Scanned user extensions: 0
[2018-08-21 06:53:26.685] [sharedprocess] [info] Scanned user extensions: 0
[2018-08-21 06:58:26.896] [sharedprocess] [info] Scanned user extensions: 0
[2018-08-21 07:03:27.104] [sharedprocess] [info] Scanned user extensions: 0
[2018-08-21 07:08:27.315] [sharedprocess] [info] Scanned user extensions: 0
[2018-08-21 07:15:34.546] [sharedprocess] [info] Scanned user extensions: 0
[2018-08-21 07:22:41.812] [sharedprocess] [info] Scanned user extensions: 0
[2018-08-21 07:28:01.841] [sharedprocess] [info] Scanned user extensions: 0
[2018-08-21 07:33:21.865] [sharedprocess] [info] Scanned user extensions: 0
[2018-08-21 07:38:41.893] [sharedprocess] [info] Scanned user extensions: 0
[2018-08-21 07:44:01.920] [sharedprocess] [info] Scanned user extensions: 0
[2018-08-21 07:49:21.944] [sharedprocess] [info] Scanned user extensions: 0
[2018-08-21 07:54:41.974] [sharedprocess] [info] Scanned user extensions: 0
[2018-08-21 08:00:01.995] [sharedprocess] [info] Scanned user extensions: 0
[2018-08-21 08:05:22.016] [sharedprocess] [info] Scanned user extensions: 0
[2018-08-21 08:10:42.040] [sharedprocess] [info] Scanned user extensions: 0
[2018-08-21 08:16:02.065] [sharedprocess] [info] Scanned user extensions: 0
[2018-08-21 08:21:22.087] [sharedprocess] [info] Scanned user extensions: 0
[2018-08-21 08:26:42.115] [sharedprocess] [info] Scanned user extensions: 0
[2018-08-21 08:32:02.135] [sharedprocess] [info] Scanned user extensions: 0
[2018-08-21 08:37:22.156] [sharedprocess] [info] Scanned user extensions: 0
[2018-08-21 08:42:42.183] [sharedprocess] [info] Scanned user extensions: 0
[2018-08-21 08:48:02.207] [sharedprocess] [info] Scanned user extensions: 0
[2018-08-21 08:53:22.231] [sharedprocess] [info] Scanned user extensions: 0
[2018-08-21 08:58:42.252] [sharedprocess] [info] Scanned user extensions: 0
[2018-08-21 09:04:02.275] [sharedprocess] [info] Scanned user extensions: 0
[2018-08-21 09:09:22.302] [sharedprocess] [info] Scanned user extensions: 0
[2018-08-21 09:14:42.323] [sharedprocess] [info] Scanned user extensions: 0
[2018-08-21 09:20:02.342] [sharedprocess] [info] Scanned user extensions: 0
[2018-08-21 09:25:22.367] [sharedprocess] [info] Scanned user extensions: 0
[2018-08-21 09:30:42.386] [sharedprocess] [info] Scanned user extensions: 0
[2018-08-21 09:36:02.410] [sharedprocess] [info] Scanned user extensions: 0
[2018-08-21 09:41:22.429] [sharedprocess] [info] Scanned user extensions: 0
[2018-08-21 09:46:36.148] [sharedprocess] [info] Scanned user extensions: 0
[2018-08-21 09:51:46.177] [sharedprocess] [info] Scanned user extensions: 0
[2018-08-21 09:56:56.207] [sharedprocess] [info] Scanned user extensions: 0
[2018-08-21 10:02:06.243] [sharedprocess] [info] Scanned user extensions: 0
[2018-08-21 10:07:16.282] [sharedprocess] [info] Scanned user extensions: 0
[2018-08-21 10:12:26.311] [sharedprocess] [info] Scanned user extensions: 0
[2018-08-21 10:17:36.350] [sharedprocess] [info] Scanned user extensions: 0
[2018-08-21 10:22:46.389] [sharedprocess] [info] Scanned user extensions: 0
[2018-08-21 10:27:56.420] [sharedprocess] [info] Scanned user extensions: 0
[2018-08-21 10:33:06.459] [sharedprocess] [info] Scanned user extensions: 0
[2018-08-21 10:38:16.485] [sharedprocess] [info] Scanned user extensions: 0
[2018-08-21 10:43:26.510] [sharedprocess] [info] Scanned user extensions: 0
[2018-08-21 10:48:36.546] [sharedprocess] [info] Scanned user extensions: 0
[2018-08-21 10:53:46.577] [sharedprocess] [info] Scanned user extensions: 0
[2018-08-21 10:58:56.594] [sharedprocess] [info] Scanned user extensions: 0
[2018-08-21 11:04:06.640] [sharedprocess] [info] Scanned user extensions: 0
[2018-08-21 11:09:16.680] [sharedprocess] [info] Scanned user extensions: 0
[2018-08-21 11:14:26.706] [sharedprocess] [info] Scanned user extensions: 0
[2018-08-21 11:19:36.737] [sharedprocess] [info] Scanned user extensions: 0
[2018-08-21 11:24:46.778] [sharedprocess] [info] Scanned user extensions: 0
[2018-08-21 11:29:56.810] [sharedprocess] [info] Scanned user extensions: 0
[2018-08-21 11:35:06.847] [sharedprocess] [info] Scanned user extensions: 0
[2018-08-21 11:40:16.873] [sharedprocess] [info] Scanned user extensions: 0
[2018-08-21 11:45:26.915] [sharedprocess] [info] Scanned user extensions: 0
[2018-08-21 11:50:36.945] [sharedprocess] [info] Scanned user extensions: 0
[2018-08-21 11:55:46.985] [sharedprocess] [info] Scanned user extensions: 0
[2018-08-21 12:00:57.007] [sharedprocess] [info] Scanned user extensions: 0
[2018-08-21 12:06:07.043] [sharedprocess] [info] Scanned user extensions: 0
[2018-08-21 12:11:17.079] [sharedprocess] [info] Scanned user extensions: 0
[2018-08-21 12:16:27.113] [sharedprocess] [info] Scanned user extensions: 0
[2018-08-21 12:21:37.140] [sharedprocess] [info] Scanned user extensions: 0
[2018-08-21 12:26:47.167] [sharedprocess] [info] Scanned user extensions: 0
[2018-08-21 12:31:57.200] [sharedprocess] [info] Scanned user extensions: 0
[2018-08-21 12:37:07.238] [sharedprocess] [info] Scanned user extensions: 0
[2018-08-21 12:42:17.281] [sharedprocess] [info] Scanned user extensions: 0
[2018-08-21 12:47:27.315] [sharedprocess] [info] Scanned user extensions: 0
[2018-08-21 12:52:37.361] [sharedprocess] [info] Scanned user extensions: 0
[2018-08-21 12:57:47.387] [sharedprocess] [info] Scanned user extensions: 0
[2018-08-21 13:02:57.427] [sharedprocess] [info] Scanned user extensions: 0
[2018-08-21 13:08:07.445] [sharedprocess] [info] Scanned user extensions: 0
[2018-08-21 13:13:17.491] [sharedprocess] [info] Scanned user extensions: 0
[2018-08-21 13:18:27.518] [sharedprocess] [info] Scanned user extensions: 0
[2018-08-21 13:23:37.558] [sharedprocess] [info] Scanned user extensions: 0
[2018-08-21 13:28:47.578] [sharedprocess] [info] Scanned user extensions: 0
[2018-08-21 13:33:57.608] [sharedprocess] [info] Scanned user extensions: 0
[2018-08-21 13:39:07.634] [sharedprocess] [info] Scanned user extensions: 0
[2018-08-21 13:44:17.669] [sharedprocess] [info] Scanned user extensions: 0
[2018-08-21 13:49:27.702] [sharedprocess] [info] Scanned user extensions: 0
[2018-08-21 13:54:37.742] [sharedprocess] [info] Scanned user extensions: 0
[2018-08-21 13:59:47.785] [sharedprocess] [info] Scanned user extensions: 0
[2018-08-21 14:04:57.814] [sharedprocess] [info] Scanned user extensions: 0
[2018-08-21 14:10:07.841] [sharedprocess] [info] Scanned user extensions: 0
[2018-08-21 14:15:17.879] [sharedprocess] [info] Scanned user extensions: 0
[2018-08-21 14:20:27.911] [sharedprocess] [info] Scanned user extensions: 0
[2018-08-21 14:25:37.945] [sharedprocess] [info] Scanned user extensions: 0
[2018-08-21 14:30:47.979] [sharedprocess] [info] Scanned user extensions: 0
[2018-08-21 14:35:58.002] [sharedprocess] [info] Scanned user extensions: 0
[2018-08-21 14:41:08.045] [sharedprocess] [info] Scanned user extensions: 0
[2018-08-21 14:46:18.082] [sharedprocess] [info] Scanned user extensions: 0
[2018-08-21 14:51:28.126] [sharedprocess] [info] Scanned user extensions: 0
[2018-08-21 14:56:38.158] [sharedprocess] [info] Scanned user extensions: 0
[2018-08-21 15:01:48.190] [sharedprocess] [info] Scanned user extensions: 0
[2018-08-21 15:06:58.220] [sharedprocess] [info] Scanned user extensions: 0
[2018-08-21 15:12:08.255] [sharedprocess] [info] Scanned user extensions: 0
[2018-08-21 15:17:18.294] [sharedprocess] [info] Scanned user extensions: 0
[2018-08-21 15:22:28.322] [sharedprocess] [info] Scanned user extensions: 0
[2018-08-21 15:27:38.363] [sharedprocess] [info] Scanned user extensions: 0
[2018-08-21 15:32:48.394] [sharedprocess] [info] Scanned user extensions: 0
[2018-08-21 15:37:58.437] [sharedprocess] [info] Scanned user extensions: 0
[2018-08-21 15:43:08.475] [sharedprocess] [info] Scanned user extensions: 0
[2018-08-21 15:48:18.510] [sharedprocess] [info] Scanned user extensions: 0
[2018-08-21 15:53:28.544] [sharedprocess] [info] Scanned user extensions: 0
[2018-08-21 15:58:38.571] [sharedprocess] [info] Scanned user extensions: 0
[2018-08-21 16:03:48.603] [sharedprocess] [info] Scanned user extensions: 0
[2018-08-21 16:08:58.645] [sharedprocess] [info] Scanned user extensions: 0
[2018-08-21 16:14:08.675] [sharedprocess] [info] Scanned user extensions: 0
[2018-08-21 16:19:18.712] [sharedprocess] [info] Scanned user extensions: 0
[2018-08-21 16:24:28.738] [sharedprocess] [info] Scanned user extensions: 0
[2018-08-21 16:29:38.768] [sharedprocess] [info] Scanned user extensions: 0
[2018-08-21 16:34:48.806] [sharedprocess] [info] Scanned user extensions: 0
[2018-08-21 16:39:58.839] [sharedprocess] [info] Scanned user extensions: 0
[2018-08-21 16:45:08.866] [sharedprocess] [info] Scanned user extensions: 0
[2018-08-21 16:50:18.902] [sharedprocess] [info] Scanned user extensions: 0
[2018-08-21 16:55:28.934] [sharedprocess] [info] Scanned user extensions: 0
[2018-08-21 17:00:38.967] [sharedprocess] [info] Scanned user extensions: 0
[2018-08-21 17:05:49.000] [sharedprocess] [info] Scanned user extensions: 0
[2018-08-21 17:10:59.027] [sharedprocess] [info] Scanned user extensions: 0
[2018-08-21 17:16:09.050] [sharedprocess] [info] Scanned user extensions: 0
[2018-08-21 17:21:19.086] [sharedprocess] [info] Scanned user extensions: 0
[2018-08-21 17:26:29.118] [sharedprocess] [info] Scanned user extensions: 0
[2018-08-21 17:31:39.152] [sharedprocess] [info] Scanned user extensions: 0
[2018-08-21 17:36:49.186] [sharedprocess] [info] Scanned user extensions: 0
[2018-08-21 17:41:59.220] [sharedprocess] [info] Scanned user extensions: 0
[2018-08-21 17:47:09.255] [sharedprocess] [info] Scanned user extensions: 0
[2018-08-21 17:52:19.296] [sharedprocess] [info] Scanned user extensions: 0
[2018-08-21 17:57:29.337] [sharedprocess] [info] Scanned user extensions: 0
[2018-08-21 18:02:39.365] [sharedprocess] [info] Scanned user extensions: 0
[2018-08-21 18:07:49.404] [sharedprocess] [info] Scanned user extensions: 0
[2018-08-21 18:12:59.446] [sharedprocess] [info] Scanned user extensions: 0
[2018-08-21 18:18:09.485] [sharedprocess] [info] Scanned user extensions: 0
[2018-08-21 18:23:19.515] [sharedprocess] [info] Scanned user extensions: 0
[2018-08-21 18:28:29.547] [sharedprocess] [info] Scanned user extensions: 0
[2018-08-21 18:33:39.574] [sharedprocess] [info] Scanned user extensions: 0
[2018-08-21 18:38:49.617] [sharedprocess] [info] Scanned user extensions: 0
[2018-08-21 18:43:59.644] [sharedprocess] [info] Scanned user extensions: 0
[2018-08-21 18:49:09.683] [sharedprocess] [info] Scanned user extensions: 0
[2018-08-21 18:54:19.710] [sharedprocess] [info] Scanned user extensions: 0
[2018-08-21 18:59:29.743] [sharedprocess] [info] Scanned user extensions: 0
[2018-08-21 19:04:39.771] [sharedprocess] [info] Scanned user extensions: 0
[2018-08-21 19:09:49.804] [sharedprocess] [info] Scanned user extensions: 0
[2018-08-21 19:14:59.841] [sharedprocess] [info] Scanned user extensions: 0
[2018-08-21 19:20:09.871] [sharedprocess] [info] Scanned user extensions: 0
[2018-08-21 19:25:19.914] [sharedprocess] [info] Scanned user extensions: 0
[2018-08-21 19:30:29.932] [sharedprocess] [info] Scanned user extensions: 0
[2018-08-21 19:35:39.970] [sharedprocess] [info] Scanned user extensions: 0
[2018-08-21 19:40:50.002] [sharedprocess] [info] Scanned user extensions: 0
[2018-08-21 19:46:00.030] [sharedprocess] [info] Scanned user extensions: 0
[2018-08-21 19:51:10.073] [sharedprocess] [info] Scanned user extensions: 0
[2018-08-21 19:56:20.097] [sharedprocess] [info] Scanned user extensions: 0
[2018-08-21 20:01:30.131] [sharedprocess] [info] Scanned user extensions: 0
[2018-08-21 20:06:40.159] [sharedprocess] [info] Scanned user extensions: 0
[2018-08-21 20:11:50.194] [sharedprocess] [info] Scanned user extensions: 0
[2018-08-21 20:17:00.223] [sharedprocess] [info] Scanned user extensions: 0
[2018-08-21 20:22:10.260] [sharedprocess] [info] Scanned user extensions: 0
[2018-08-21 20:27:20.298] [sharedprocess] [info] Scanned user extensions: 0
[2018-08-21 20:32:30.333] [sharedprocess] [info] Scanned user extensions: 0
[2018-08-21 20:37:40.361] [sharedprocess] [info] Scanned user extensions: 0
[2018-08-21 20:42:50.391] [sharedprocess] [info] Scanned user extensions: 0
[2018-08-21 20:48:00.426] [sharedprocess] [info] Scanned user extensions: 0
[2018-08-21 20:53:10.463] [sharedprocess] [info] Scanned user extensions: 0
[2018-08-21 20:58:20.494] [sharedprocess] [info] Scanned user extensions: 0
[2018-08-21 21:03:30.535] [sharedprocess] [info] Scanned user extensions: 0
[2018-08-21 21:08:40.570] [sharedprocess] [info] Scanned user extensions: 0
[2018-08-21 21:13:50.597] [sharedprocess] [info] Scanned user extensions: 0
[2018-08-21 21:19:00.638] [sharedprocess] [info] Scanned user extensions: 0
[2018-08-21 21:24:10.685] [sharedprocess] [info] Scanned user extensions: 0
[2018-08-21 21:29:20.717] [sharedprocess] [info] Scanned user extensions: 0
[2018-08-21 21:34:30.746] [sharedprocess] [info] Scanned user extensions: 0
[2018-08-21 21:39:40.780] [sharedprocess] [info] Scanned user extensions: 0
[2018-08-21 21:44:50.817] [sharedprocess] [info] Scanned user extensions: 0
[2018-08-21 21:50:00.848] [sharedprocess] [info] Scanned user extensions: 0
[2018-08-21 21:55:10.877] [sharedprocess] [info] Scanned user extensions: 0
[2018-08-21 22:00:20.908] [sharedprocess] [info] Scanned user extensions: 0
[2018-08-21 22:05:30.946] [sharedprocess] [info] Scanned user extensions: 0
[2018-08-21 22:10:40.976] [sharedprocess] [info] Scanned user extensions: 0
[2018-08-21 22:15:51.004] [sharedprocess] [info] Scanned user extensions: 0
[2018-08-21 22:21:01.037] [sharedprocess] [info] Scanned user extensions: 0
[2018-08-21 22:26:11.071] [sharedprocess] [info] Scanned user extensions: 0
[2018-08-21 22:31:21.101] [sharedprocess] [info] Scanned user extensions: 0
[2018-08-21 22:36:31.128] [sharedprocess] [info] Scanned user extensions: 0
[2018-08-21 22:41:41.161] [sharedprocess] [info] Scanned user extensions: 0
[2018-08-21 22:46:51.187] [sharedprocess] [info] Scanned user extensions: 0
[2018-08-21 22:52:01.217] [sharedprocess] [info] Scanned user extensions: 0
[2018-08-21 22:57:11.256] [sharedprocess] [info] Scanned user extensions: 0
[2018-08-21 23:02:21.289] [sharedprocess] [info] Scanned user extensions: 0
[2018-08-21 23:07:31.330] [sharedprocess] [info] Scanned user extensions: 0
[2018-08-21 23:12:41.354] [sharedprocess] [info] Scanned user extensions: 0
[2018-08-21 23:17:51.397] [sharedprocess] [info] Scanned user extensions: 0
[2018-08-21 23:23:01.423] [sharedprocess] [info] Scanned user extensions: 0
[2018-08-21 23:28:11.452] [sharedprocess] [info] Scanned user extensions: 0
[2018-08-21 23:33:21.493] [sharedprocess] [info] Scanned user extensions: 0
[2018-08-21 23:38:31.527] [sharedprocess] [info] Scanned user extensions: 0
[2018-08-21 23:43:41.568] [sharedprocess] [info] Scanned user extensions: 0
[2018-08-21 23:48:51.602] [sharedprocess] [info] Scanned user extensions: 0
[2018-08-21 23:54:01.631] [sharedprocess] [info] Scanned user extensions: 0
[2018-08-21 23:59:11.665] [sharedprocess] [info] Scanned user extensions: 0
[2018-08-22 00:04:21.702] [sharedprocess] [info] Scanned user extensions: 0
[2018-08-22 00:09:31.733] [sharedprocess] [info] Scanned user extensions: 0
[2018-08-22 00:14:41.769] [sharedprocess] [info] Scanned user extensions: 0
[2018-08-22 00:19:51.806] [sharedprocess] [info] Scanned user extensions: 0
[2018-08-22 00:25:01.842] [sharedprocess] [info] Scanned user extensions: 0
[2018-08-22 00:30:11.876] [sharedprocess] [info] Scanned user extensions: 0
[2018-08-22 00:35:21.914] [sharedprocess] [info] Scanned user extensions: 0
[2018-08-22 00:40:31.950] [sharedprocess] [info] Scanned user extensions: 0
[2018-08-22 00:45:41.993] [sharedprocess] [info] Scanned user extensions: 0
[2018-08-22 00:50:52.031] [sharedprocess] [info] Scanned user extensions: 0
[2018-08-22 00:56:02.059] [sharedprocess] [info] Scanned user extensions: 0
[2018-08-22 01:01:12.094] [sharedprocess] [info] Scanned user extensions: 0
[2018-08-22 01:06:22.129] [sharedprocess] [info] Scanned user extensions: 0
[2018-08-22 01:11:32.166] [sharedprocess] [info] Scanned user extensions: 0
[2018-08-22 01:16:42.211] [sharedprocess] [info] Scanned user extensions: 0
[2018-08-22 01:21:52.252] [sharedprocess] [info] Scanned user extensions: 0
[2018-08-22 01:27:02.280] [sharedprocess] [info] Scanned user extensions: 0
[2018-08-22 01:32:12.318] [sharedprocess] [info] Scanned user extensions: 0
[2018-08-22 01:37:22.358] [sharedprocess] [info] Scanned user extensions: 0
[2018-08-22 01:42:32.398] [sharedprocess] [info] Scanned user extensions: 0
[2018-08-22 01:47:42.434] [sharedprocess] [info] Scanned user extensions: 0
[2018-08-22 01:52:52.471] [sharedprocess] [info] Scanned user extensions: 0
[2018-08-22 01:58:02.496] [sharedprocess] [info] Scanned user extensions: 0
[2018-08-22 02:03:12.525] [sharedprocess] [info] Scanned user extensions: 0
[2018-08-22 02:08:22.560] [sharedprocess] [info] Scanned user extensions: 0
[2018-08-22 02:13:32.597] [sharedprocess] [info] Scanned user extensions: 0
[2018-08-22 02:18:42.629] [sharedprocess] [info] Scanned user extensions: 0
[2018-08-22 02:23:52.656] [sharedprocess] [info] Scanned user extensions: 0
[2018-08-22 02:29:02.696] [sharedprocess] [info] Scanned user extensions: 0
[2018-08-22 02:34:12.738] [sharedprocess] [info] Scanned user extensions: 0
[2018-08-22 02:39:22.771] [sharedprocess] [info] Scanned user extensions: 0
[2018-08-22 02:44:32.815] [sharedprocess] [info] Scanned user extensions: 0
[2018-08-22 02:49:42.848] [sharedprocess] [info] Scanned user extensions: 0
[2018-08-22 02:54:52.882] [sharedprocess] [info] Scanned user extensions: 0
[2018-08-22 03:00:02.910] [sharedprocess] [info] Scanned user extensions: 0
[2018-08-22 03:05:12.946] [sharedprocess] [info] Scanned user extensions: 0
[2018-08-22 03:10:22.980] [sharedprocess] [info] Scanned user extensions: 0
[2018-08-22 03:15:33.006] [sharedprocess] [info] Scanned user extensions: 0
[2018-08-22 03:20:43.036] [sharedprocess] [info] Scanned user extensions: 0
[2018-08-22 03:25:53.071] [sharedprocess] [info] Scanned user extensions: 0
[2018-08-22 03:31:03.103] [sharedprocess] [info] Scanned user extensions: 0
[2018-08-22 03:36:13.132] [sharedprocess] [info] Scanned user extensions: 0
[2018-08-22 03:41:23.163] [sharedprocess] [info] Scanned user extensions: 0
[2018-08-22 03:46:33.202] [sharedprocess] [info] Scanned user extensions: 0
[2018-08-22 03:51:43.230] [sharedprocess] [info] Scanned user extensions: 0
[2018-08-22 03:56:53.265] [sharedprocess] [info] Scanned user extensions: 0
[2018-08-22 04:02:03.304] [sharedprocess] [info] Scanned user extensions: 0
[2018-08-22 04:07:13.329] [sharedprocess] [info] Scanned user extensions: 0
[2018-08-22 04:12:23.357] [sharedprocess] [info] Scanned user extensions: 0
[2018-08-22 04:17:33.382] [sharedprocess] [info] Scanned user extensions: 0
[2018-08-22 04:22:43.412] [sharedprocess] [info] Scanned user extensions: 0
[2018-08-22 04:27:53.445] [sharedprocess] [info] Scanned user extensions: 0
[2018-08-22 04:33:03.480] [sharedprocess] [info] Scanned user extensions: 0
[2018-08-22 04:38:13.517] [sharedprocess] [info] Scanned user extensions: 0
[2018-08-22 04:43:23.544] [sharedprocess] [info] Scanned user extensions: 0
[2018-08-22 04:48:33.571] [sharedprocess] [info] Scanned user extensions: 0
[2018-08-22 04:53:43.600] [sharedprocess] [info] Scanned user extensions: 0
[2018-08-22 04:58:53.634] [sharedprocess] [info] Scanned user extensions: 0
[2018-08-22 05:04:03.661] [sharedprocess] [info] Scanned user extensions: 0
[2018-08-22 05:09:13.699] [sharedprocess] [info] Scanned user extensions: 0
[2018-08-22 05:14:23.732] [sharedprocess] [info] Scanned user extensions: 0
[2018-08-22 05:19:33.758] [sharedprocess] [info] Scanned user extensions: 0
[2018-08-22 05:24:43.787] [sharedprocess] [info] Scanned user extensions: 0
[2018-08-22 05:29:53.809] [sharedprocess] [info] Scanned user extensions: 0
[2018-08-22 05:35:03.839] [sharedprocess] [info] Scanned user extensions: 0
[2018-08-22 05:40:13.868] [sharedprocess] [info] Scanned user extensions: 0
[2018-08-22 05:45:23.898] [sharedprocess] [info] Scanned user extensions: 0
[2018-08-22 05:50:33.930] [sharedprocess] [info] Scanned user extensions: 0
[2018-08-22 05:55:43.956] [sharedprocess] [info] Scanned user extensions: 0
[2018-08-22 06:00:53.984] [sharedprocess] [info] Scanned user extensions: 0
[2018-08-22 06:06:04.015] [sharedprocess] [info] Scanned user extensions: 0
[2018-08-22 06:11:14.058] [sharedprocess] [info] Scanned user extensions: 0
[2018-08-22 06:16:24.097] [sharedprocess] [info] Scanned user extensions: 0
[2018-08-22 06:21:34.123] [sharedprocess] [info] Scanned user extensions: 0
[2018-08-22 06:26:44.151] [sharedprocess] [info] Scanned user extensions: 0
[2018-08-22 06:31:54.180] [sharedprocess] [info] Scanned user extensions: 0
[2018-08-22 06:37:04.201] [sharedprocess] [info] Scanned user extensions: 0
[2018-08-22 06:42:14.234] [sharedprocess] [info] Scanned user extensions: 0
[2018-08-22 06:47:24.272] [sharedprocess] [info] Scanned user extensions: 0
[2018-08-22 06:52:34.302] [sharedprocess] [info] Scanned user extensions: 0
[2018-08-22 06:57:44.334] [sharedprocess] [info] Scanned user extensions: 0
[2018-08-22 07:02:54.377] [sharedprocess] [info] Scanned user extensions: 0
[2018-08-22 07:08:04.404] [sharedprocess] [info] Scanned user extensions: 0
[2018-08-22 07:13:14.434] [sharedprocess] [info] Scanned user extensions: 0
[2018-08-22 07:18:24.461] [sharedprocess] [info] Scanned user extensions: 0
[2018-08-22 07:23:24.663] [sharedprocess] [info] Scanned user extensions: 0
[2018-08-22 07:28:24.864] [sharedprocess] [info] Scanned user extensions: 0
[2018-08-22 07:33:25.399] [sharedprocess] [info] Scanned user extensions: 0
[2018-08-22 07:38:25.402] [sharedprocess] [info] Scanned user extensions: 0
[2018-08-22 07:43:25.405] [sharedprocess] [info] Scanned user extensions: 0
[2018-08-22 07:48:25.407] [sharedprocess] [info] Scanned user extensions: 0
[2018-08-22 07:53:25.415] [sharedprocess] [info] Scanned user extensions: 0
[2018-08-22 07:58:25.421] [sharedprocess] [info] Scanned user extensions: 0
[2018-08-22 08:03:25.429] [sharedprocess] [info] Scanned user extensions: 0
[2018-08-22 08:08:25.432] [sharedprocess] [info] Scanned user extensions: 0
[2018-08-22 08:13:25.435] [sharedprocess] [info] Scanned user extensions: 0
[2018-08-22 08:18:25.438] [sharedprocess] [info] Scanned user extensions: 0
[2018-08-22 08:23:25.441] [sharedprocess] [info] Scanned user extensions: 0
[2018-08-22 08:28:25.444] [sharedprocess] [info] Scanned user extensions: 0
[2018-08-22 08:33:26.126] [sharedprocess] [info] Scanned user extensions: 0
[2018-08-22 08:38:26.129] [sharedprocess] [info] Scanned user extensions: 0
[2018-08-22 08:43:26.132] [sharedprocess] [info] Scanned user extensions: 0
[2018-08-22 08:48:26.136] [sharedprocess] [info] Scanned user extensions: 0
[2018-08-22 08:53:26.140] [sharedprocess] [info] Scanned user extensions: 0
[2018-08-22 08:58:26.145] [sharedprocess] [info] Scanned user extensions: 0
[2018-08-22 09:03:26.148] [sharedprocess] [info] Scanned user extensions: 0
[2018-08-22 09:08:26.152] [sharedprocess] [info] Scanned user extensions: 0
[2018-08-22 09:13:26.155] [sharedprocess] [info] Scanned user extensions: 0
[2018-08-22 09:18:26.158] [sharedprocess] [info] Scanned user extensions: 0
[2018-08-22 09:23:26.161] [sharedprocess] [info] Scanned user extensions: 0
[2018-08-22 09:28:26.164] [sharedprocess] [info] Scanned user extensions: 0
[2018-08-22 09:33:26.847] [sharedprocess] [info] Scanned user extensions: 0
[2018-08-22 09:38:26.851] [sharedprocess] [info] Scanned user extensions: 0
[2018-08-22 09:43:26.861] [sharedprocess] [info] Scanned user extensions: 0
[2018-08-22 09:48:26.864] [sharedprocess] [info] Scanned user extensions: 0
[2018-08-22 09:53:26.868] [sharedprocess] [info] Scanned user extensions: 0
[2018-08-22 09:58:26.871] [sharedprocess] [info] Scanned user extensions: 0
[2018-08-22 10:03:26.874] [sharedprocess] [info] Scanned user extensions: 0
[2018-08-22 10:08:26.877] [sharedprocess] [info] Scanned user extensions: 0
[2018-08-22 10:13:26.880] [sharedprocess] [info] Scanned user extensions: 0
[2018-08-22 10:18:26.883] [sharedprocess] [info] Scanned user extensions: 0
[2018-08-22 10:23:26.886] [sharedprocess] [info] Scanned user extensions: 0
[2018-08-22 10:28:26.893] [sharedprocess] [info] Scanned user extensions: 0
[2018-08-22 10:33:27.583] [sharedprocess] [info] Scanned user extensions: 0
[2018-08-22 10:38:27.586] [sharedprocess] [info] Scanned user extensions: 0
[2018-08-22 10:43:27.590] [sharedprocess] [info] Scanned user extensions: 0
[2018-08-22 10:48:27.594] [sharedprocess] [info] Scanned user extensions: 0
[2018-08-22 10:53:27.597] [sharedprocess] [info] Scanned user extensions: 0
[2018-08-22 10:58:27.603] [sharedprocess] [info] Scanned user extensions: 0
[2018-08-22 11:03:27.609] [sharedprocess] [info] Scanned user extensions: 0
[2018-08-22 11:08:27.616] [sharedprocess] [info] Scanned user extensions: 0
[2018-08-22 11:13:27.623] [sharedprocess] [info] Scanned user extensions: 0
[2018-08-22 11:18:27.632] [sharedprocess] [info] Scanned user extensions: 0
[2018-08-22 11:23:27.640] [sharedprocess] [info] Scanned user extensions: 0
[2018-08-22 11:28:27.643] [sharedprocess] [info] Scanned user extensions: 0
[2018-08-22 11:33:28.342] [sharedprocess] [info] Scanned user extensions: 0
[2018-08-22 11:38:28.349] [sharedprocess] [info] Scanned user extensions: 0
[2018-08-22 11:43:28.358] [sharedprocess] [info] Scanned user extensions: 0
[2018-08-22 11:48:28.364] [sharedprocess] [info] Scanned user extensions: 0
[2018-08-22 11:53:28.375] [sharedprocess] [info] Scanned user extensions: 0
[2018-08-22 11:58:28.383] [sharedprocess] [info] Scanned user extensions: 0
[2018-08-22 12:03:28.390] [sharedprocess] [info] Scanned user extensions: 0
[2018-08-22 12:08:28.400] [sharedprocess] [info] Scanned user extensions: 0
[2018-08-22 12:13:28.409] [sharedprocess] [info] Scanned user extensions: 0
[2018-08-22 12:18:28.412] [sharedprocess] [info] Scanned user extensions: 0
[2018-08-22 12:23:28.419] [sharedprocess] [info] Scanned user extensions: 0
[2018-08-22 12:28:28.428] [sharedprocess] [info] Scanned user extensions: 0
[2018-08-22 12:33:29.127] [sharedprocess] [info] Scanned user extensions: 0
[2018-08-22 12:38:29.135] [sharedprocess] [info] Scanned user extensions: 0
[2018-08-22 12:43:29.138] [sharedprocess] [info] Scanned user extensions: 0
[2018-08-22 12:48:29.145] [sharedprocess] [info] Scanned user extensions: 0
[2018-08-22 12:53:29.154] [sharedprocess] [info] Scanned user extensions: 0
[2018-08-22 12:58:29.161] [sharedprocess] [info] Scanned user extensions: 0
[2018-08-22 13:03:29.175] [sharedprocess] [info] Scanned user extensions: 0
[2018-08-22 13:08:29.181] [sharedprocess] [info] Scanned user extensions: 0
[2018-08-22 13:13:29.184] [sharedprocess] [info] Scanned user extensions: 0
[2018-08-22 13:18:29.187] [sharedprocess] [info] Scanned user extensions: 0
[2018-08-22 13:23:29.190] [sharedprocess] [info] Scanned user extensions: 0
